# JRE version: Java(TM) SE Runtime Environment (8.0_31-b13) (build 1.8.0_31-b13)
# Java VM: Java HotSpot(TM) 64-Bit Server VM (25.31-b07 mixed mode windows-amd64 compressed oops)
Heap:
 PSYoungGen      total 766976K, used 415179K [0x000000076cf00000, 0x000000079eb80000, 0x00000007c0000000)
  eden space 742400K, 55% used [0x000000076cf00000,0x0000000786472e10,0x000000079a400000)
  from space 24576K, 0% used [0x000000079d380000,0x000000079d380000,0x000000079eb80000)
  to   space 30208K, 0% used [0x000000079b080000,0x000000079b080000,0x000000079ce00000)
 ParOldGen       total 151552K, used 46692K [0x00000006c6c00000, 0x00000006d0000000, 0x000000076cf00000)
  object space 151552K, 30% used [0x00000006c6c00000,0x00000006c9999210,0x00000006d0000000)
 Metaspace       used 59710K, capacity 60610K, committed 60760K, reserved 1101824K
  class space    used 7362K, capacity 7550K, committed 7552K, reserved 1048576K
GC Heap History (10 events):
Event: 14.991 GC heap before
{Heap before GC invocations=7 (full 1):
 PSYoungGen      total 263168K, used 208743K [0x000000076cf00000, 0x0000000789700000, 0x00000007c0000000)
  eden space 252928K, 78% used [0x000000076cf00000,0x000000077914f388,0x000000077c600000)
  from space 10240K, 95% used [0x000000077c600000,0x000000077cf8ac10,0x000000077d000000)
  to   space 13312K, 0% used [0x0000000788a00000,0x0000000788a00000,0x0000000789700000)
 ParOldGen       total 84992K, used 11379K [0x00000006c6c00000, 0x00000006cbf00000, 0x000000076cf00000)
  object space 84992K, 13% used [0x00000006c6c00000,0x00000006c771cd78,0x00000006cbf00000)
 Metaspace       used 34801K, capacity 35214K, committed 35456K, reserved 1081344K
  class space    used 4280K, capacity 4372K, committed 4480K, reserved 1048576K
Event: 15.075 GC heap after
Heap after GC invocations=7 (full 1):
 PSYoungGen      total 446976K, used 13292K [0x000000076cf00000, 0x000000078b300000, 0x00000007c0000000)
  eden space 433664K, 0% used [0x000000076cf00000,0x000000076cf00000,0x0000000787680000)
  from space 13312K, 99% used [0x0000000788a00000,0x00000007896fb0c8,0x0000000789700000)
  to   space 19968K, 0% used [0x0000000787680000,0x0000000787680000,0x0000000788a00000)
 ParOldGen       total 84992K, used 19168K [0x00000006c6c00000, 0x00000006cbf00000, 0x000000076cf00000)
  object space 84992K, 22% used [0x00000006c6c00000,0x00000006c7eb8088,0x00000006cbf00000)
 Metaspace       used 34801K, capacity 35214K, committed 35456K, reserved 1081344K
  class space    used 4280K, capacity 4372K, committed 4480K, reserved 1048576K
}
Event: 15.075 GC heap before
{Heap before GC invocations=8 (full 2):
 PSYoungGen      total 446976K, used 13292K [0x000000076cf00000, 0x000000078b300000, 0x00000007c0000000)
  eden space 433664K, 0% used [0x000000076cf00000,0x000000076cf00000,0x0000000787680000)
  from space 13312K, 99% used [0x0000000788a00000,0x00000007896fb0c8,0x0000000789700000)
  to   space 19968K, 0% used [0x0000000787680000,0x0000000787680000,0x0000000788a00000)
 ParOldGen       total 84992K, used 19168K [0x00000006c6c00000, 0x00000006cbf00000, 0x000000076cf00000)
  object space 84992K, 22% used [0x00000006c6c00000,0x00000006c7eb8088,0x00000006cbf00000)
 Metaspace       used 34801K, capacity 35214K, committed 35456K, reserved 1081344K
  class space    used 4280K, capacity 4372K, committed 4480K, reserved 1048576K
Event: 15.232 GC heap after
Heap after GC invocations=8 (full 2):
 PSYoungGen      total 446976K, used 0K [0x000000076cf00000, 0x000000078b300000, 0x00000007c0000000)
  eden space 433664K, 0% used [0x000000076cf00000,0x000000076cf00000,0x0000000787680000)
  from space 13312K, 0% used [0x0000000788a00000,0x0000000788a00000,0x0000000789700000)
  to   space 19968K, 0% used [0x0000000787680000,0x0000000787680000,0x0000000788a00000)
 ParOldGen       total 118272K, used 26291K [0x00000006c6c00000, 0x00000006cdf80000, 0x000000076cf00000)
  object space 118272K, 22% used [0x00000006c6c00000,0x00000006c85acf00,0x00000006cdf80000)
 Metaspace       used 34801K, capacity 35214K, committed 35456K, reserved 1081344K
  class space    used 4280K, capacity 4372K, committed 4480K, reserved 1048576K
}
Event: 31.553 GC heap before
{Heap before GC invocations=9 (full 2):
 PSYoungGen      total 446976K, used 433664K [0x000000076cf00000, 0x000000078b300000, 0x00000007c0000000)
  eden space 433664K, 100% used [0x000000076cf00000,0x0000000787680000,0x0000000787680000)
  from space 13312K, 0% used [0x0000000788a00000,0x0000000788a00000,0x0000000789700000)
  to   space 19968K, 0% used [0x0000000787680000,0x0000000787680000,0x0000000788a00000)
 ParOldGen       total 118272K, used 26291K [0x00000006c6c00000, 0x00000006cdf80000, 0x000000076cf00000)
  object space 118272K, 22% used [0x00000006c6c00000,0x00000006c85acf00,0x00000006cdf80000)
 Metaspace       used 48735K, capacity 49332K, committed 49664K, reserved 1093632K
  class space    used 5890K, capacity 6043K, committed 6144K, reserved 1048576K
Event: 31.977 GC heap after
Heap after GC invocations=9 (full 2):
 PSYoungGen      total 453632K, used 19949K [0x000000076cf00000, 0x000000079eb80000, 0x00000007c0000000)
  eden space 433664K, 0% used [0x000000076cf00000,0x000000076cf00000,0x0000000787680000)
  from space 19968K, 99% used [0x0000000787680000,0x00000007889fb6f8,0x0000000788a00000)
  to   space 24576K, 0% used [0x000000079d380000,0x000000079d380000,0x000000079eb80000)
 ParOldGen       total 118272K, used 28498K [0x00000006c6c00000, 0x00000006cdf80000, 0x000000076cf00000)
  object space 118272K, 24% used [0x00000006c6c00000,0x00000006c87d4a38,0x00000006cdf80000)
 Metaspace       used 48735K, capacity 49332K, committed 49664K, reserved 1093632K
  class space    used 5890K, capacity 6043K, committed 6144K, reserved 1048576K
}
Event: 192.187 GC heap before
{Heap before GC invocations=10 (full 2):
 PSYoungGen      total 453632K, used 438203K [0x000000076cf00000, 0x000000079eb80000, 0x00000007c0000000)
  eden space 433664K, 96% used [0x000000076cf00000,0x0000000786773888,0x0000000787680000)
  from space 19968K, 99% used [0x0000000787680000,0x00000007889fb6f8,0x0000000788a00000)
  to   space 24576K, 0% used [0x000000079d380000,0x000000079d380000,0x000000079eb80000)
 ParOldGen       total 118272K, used 28498K [0x00000006c6c00000, 0x00000006cdf80000, 0x000000076cf00000)
  object space 118272K, 24% used [0x00000006c6c00000,0x00000006c87d4a38,0x00000006cdf80000)
 Metaspace       used 58243K, capacity 58946K, committed 59096K, reserved 1101824K
  class space    used 7232K, capacity 7396K, committed 7424K, reserved 1048576K
Event: 192.294 GC heap after
Heap after GC invocations=10 (full 2):
 PSYoungGen      total 766976K, used 24552K [0x000000076cf00000, 0x000000079eb80000, 0x00000007c0000000)
  eden space 742400K, 0% used [0x000000076cf00000,0x000000076cf00000,0x000000079a400000)
  from space 24576K, 99% used [0x000000079d380000,0x000000079eb7a2a8,0x000000079eb80000)
  to   space 30208K, 0% used [0x000000079b080000,0x000000079b080000,0x000000079ce00000)
 ParOldGen       total 118272K, used 32079K [0x00000006c6c00000, 0x00000006cdf80000, 0x000000076cf00000)
  object space 118272K, 27% used [0x00000006c6c00000,0x00000006c8b53d80,0x00000006cdf80000)
 Metaspace       used 58243K, capacity 58946K, committed 59096K, reserved 1101824K
  class space    used 7232K, capacity 7396K, committed 7424K, reserved 1048576K
}
Event: 192.294 GC heap before
{Heap before GC invocations=11 (full 3):
 PSYoungGen      total 766976K, used 24552K [0x000000076cf00000, 0x000000079eb80000, 0x00000007c0000000)
  eden space 742400K, 0% used [0x000000076cf00000,0x000000076cf00000,0x000000079a400000)
  from space 24576K, 99% used [0x000000079d380000,0x000000079eb7a2a8,0x000000079eb80000)
  to   space 30208K, 0% used [0x000000079b080000,0x000000079b080000,0x000000079ce00000)
 ParOldGen       total 118272K, used 32079K [0x00000006c6c00000, 0x00000006cdf80000, 0x000000076cf00000)
  object space 118272K, 27% used [0x00000006c6c00000,0x00000006c8b53d80,0x00000006cdf80000)
 Metaspace       used 58243K, capacity 58946K, committed 59096K, reserved 1101824K
  class space    used 7232K, capacity 7396K, committed 7424K, reserved 1048576K
Event: 192.858 GC heap after
Heap after GC invocations=11 (full 3):
 PSYoungGen      total 766976K, used 0K [0x000000076cf00000, 0x000000079eb80000, 0x00000007c0000000)
  eden space 742400K, 0% used [0x000000076cf00000,0x000000076cf00000,0x000000079a400000)
  from space 24576K, 0% used [0x000000079d380000,0x000000079d380000,0x000000079eb80000)
  to   space 30208K, 0% used [0x000000079b080000,0x000000079b080000,0x000000079ce00000)
 ParOldGen       total 151552K, used 46692K [0x00000006c6c00000, 0x00000006d0000000, 0x000000076cf00000)
  object space 151552K, 30% used [0x00000006c6c00000,0x00000006c9999210,0x00000006d0000000)
 Metaspace       used 58236K, capacity 58934K, committed 59096K, reserved 1101824K
  class space    used 7231K, capacity 7394K, committed 7424K, reserved 1048576K
}

